The system is: Linux - 4.3.3-300.fc23.x86_64 - x86_64
Compiling the C compiler identification source file "CMakeCCompilerId.c" succeeded.
Compiler: /packages/run.64/gcc-4.8.2/bin/gcc 
Build flags: 
Id flags: 

The output was:
0


Compilation of the C compiler identification source "CMakeCCompilerId.c" produced "a.out"

The C compiler identification is GNU, found in "/home/xharcar/pb173/pb173_project/bin/CMakeFiles/CompilerIdC/a.out"

Compiling the CXX compiler identification source file "CMakeCXXCompilerId.cpp" succeeded.
Compiler: /packages/run.64/gcc-4.8.2/bin/c++ 
Build flags: 
Id flags: 

The output was:
0


Compilation of the CXX compiler identification source "CMakeCXXCompilerId.cpp" produced "a.out"

The CXX compiler identification is GNU, found in "/home/xharcar/pb173/pb173_project/bin/CMakeFiles/CompilerIdCXX/a.out"

Determining if the C compiler works passed with the following output:
Change Dir: /home/xharcar/pb173/pb173_project/bin/CMakeFiles/CMakeTmp

Run Build Command:/usr/bin/gmake "cmTryCompileExec605112781/fast"
/usr/bin/gmake -f CMakeFiles/cmTryCompileExec605112781.dir/build.make CMakeFiles/cmTryCompileExec605112781.dir/build
gmake[1]: Vstupuje se do adresáře „/home/xharcar/pb173/pb173_project/bin/CMakeFiles/CMakeTmp“
/packages/run.64/cmake-2.8.8/bin/cmake -E cmake_progress_report /home/xharcar/pb173/pb173_project/bin/CMakeFiles/CMakeTmp/CMakeFiles 1
Building C object CMakeFiles/cmTryCompileExec605112781.dir/testCCompiler.c.o
/packages/run.64/gcc-4.8.2/bin/gcc    -o CMakeFiles/cmTryCompileExec605112781.dir/testCCompiler.c.o   -c /home/xharcar/pb173/pb173_project/bin/CMakeFiles/CMakeTmp/testCCompiler.c
Linking C executable cmTryCompileExec605112781
/packages/run.64/cmake-2.8.8/bin/cmake -E cmake_link_script CMakeFiles/cmTryCompileExec605112781.dir/link.txt --verbose=1
/packages/run.64/gcc-4.8.2/bin/gcc         CMakeFiles/cmTryCompileExec605112781.dir/testCCompiler.c.o  -o cmTryCompileExec605112781 -rdynamic 
gmake[1]: Opouští se adresář „/home/xharcar/pb173/pb173_project/bin/CMakeFiles/CMakeTmp“


Detecting C compiler ABI info compiled with the following output:
Change Dir: /home/xharcar/pb173/pb173_project/bin/CMakeFiles/CMakeTmp

Run Build Command:/usr/bin/gmake "cmTryCompileExec944037076/fast"
/usr/bin/gmake -f CMakeFiles/cmTryCompileExec944037076.dir/build.make CMakeFiles/cmTryCompileExec944037076.dir/build
gmake[1]: Vstupuje se do adresáře „/home/xharcar/pb173/pb173_project/bin/CMakeFiles/CMakeTmp“
/packages/run.64/cmake-2.8.8/bin/cmake -E cmake_progress_report /home/xharcar/pb173/pb173_project/bin/CMakeFiles/CMakeTmp/CMakeFiles 1
Building C object CMakeFiles/cmTryCompileExec944037076.dir/CMakeCCompilerABI.c.o
/packages/run.64/gcc-4.8.2/bin/gcc    -o CMakeFiles/cmTryCompileExec944037076.dir/CMakeCCompilerABI.c.o   -c /packages/run.64/cmake-2.8.8/share/cmake-2.8/Modules/CMakeCCompilerABI.c
Linking C executable cmTryCompileExec944037076
/packages/run.64/cmake-2.8.8/bin/cmake -E cmake_link_script CMakeFiles/cmTryCompileExec944037076.dir/link.txt --verbose=1
/packages/run.64/gcc-4.8.2/bin/gcc       -v CMakeFiles/cmTryCompileExec944037076.dir/CMakeCCompilerABI.c.o  -o cmTryCompileExec944037076 -rdynamic  
Using built-in specs.
COLLECT_GCC=/packages/run.64/gcc-4.8.2/bin/gcc
COLLECT_LTO_WRAPPER=/packages/run.64/gcc-4.8.2/libexec/gcc/x86_64-unknown-linux-gnu/4.8.2/lto-wrapper
Target: x86_64-unknown-linux-gnu
Configured with: ../gcc-4.8.2/configure --prefix /packages/run.64/gcc-4.8.2/ --enable-languages=c,c++ --disable-multilib
Thread model: posix
gcc version 4.8.2 (GCC) 
COMPILER_PATH=/packages/run.64/gcc-4.8.2/libexec/gcc/x86_64-unknown-linux-gnu/4.8.2/:/packages/run.64/gcc-4.8.2/libexec/gcc/x86_64-unknown-linux-gnu/4.8.2/:/packages/run.64/gcc-4.8.2/libexec/gcc/x86_64-unknown-linux-gnu/:/packages/run.64/gcc-4.8.2/lib/gcc/x86_64-unknown-linux-gnu/4.8.2/:/packages/run.64/gcc-4.8.2/lib/gcc/x86_64-unknown-linux-gnu/
LIBRARY_PATH=/packages/run.64/gcc-4.8.2/lib64/../lib64/:/packages/run.64/gcc-4.8.2/lib/gcc/x86_64-unknown-linux-gnu/4.8.2/:/packages/run.64/gcc-4.8.2/lib/gcc/x86_64-unknown-linux-gnu/4.8.2/../../../../lib64/:/lib/../lib64/:/usr/lib/../lib64/:/packages/run.64/gdb-7.9/lib/:/packages/run.64/gcc-4.8.2/lib64/:/packages/run.64/neon-0.29.6/lib/:/packages/run.64/gcc-4.8.2/lib/gcc/x86_64-unknown-linux-gnu/4.8.2/../../../:/lib/:/usr/lib/
COLLECT_GCC_OPTIONS='-v' '-o' 'cmTryCompileExec944037076' '-rdynamic' '-mtune=generic' '-march=x86-64'
 /packages/run.64/gcc-4.8.2/libexec/gcc/x86_64-unknown-linux-gnu/4.8.2/collect2 --eh-frame-hdr -m elf_x86_64 -export-dynamic -dynamic-linker /lib64/ld-linux-x86-64.so.2 -o cmTryCompileExec944037076 /lib/../lib64/crt1.o /lib/../lib64/crti.o /packages/run.64/gcc-4.8.2/lib/gcc/x86_64-unknown-linux-gnu/4.8.2/crtbegin.o -L/packages/run.64/gcc-4.8.2/lib64/../lib64 -L/packages/run.64/gcc-4.8.2/lib/gcc/x86_64-unknown-linux-gnu/4.8.2 -L/packages/run.64/gcc-4.8.2/lib/gcc/x86_64-unknown-linux-gnu/4.8.2/../../../../lib64 -L/lib/../lib64 -L/usr/lib/../lib64 -L/packages/run.64/gdb-7.9/lib -L/packages/run.64/gcc-4.8.2/lib64 -L/packages/run.64/neon-0.29.6/lib -L/packages/run.64/gcc-4.8.2/lib/gcc/x86_64-unknown-linux-gnu/4.8.2/../../.. CMakeFiles/cmTryCompileExec944037076.dir/CMakeCCompilerABI.c.o -lgcc --as-needed -lgcc_s --no-as-needed -lc -lgcc --as-needed -lgcc_s --no-as-needed /packages/run.64/gcc-4.8.2/lib/gcc/x86_64-unknown-linux-gnu/4.8.2/crtend.o /lib/../lib64/crtn.o
gmake[1]: Opouští se adresář „/home/xharcar/pb173/pb173_project/bin/CMakeFiles/CMakeTmp“


Parsed C implicit link information from above output:
  link line regex: [^( *|.*[/\])(ld|ld|collect2)[^/\]*( |$)]
  ignore line: [Change Dir: /home/xharcar/pb173/pb173_project/bin/CMakeFiles/CMakeTmp]
  ignore line: []
  ignore line: [Run Build Command:/usr/bin/gmake "cmTryCompileExec944037076/fast"]
  ignore line: [/usr/bin/gmake -f CMakeFiles/cmTryCompileExec944037076.dir/build.make CMakeFiles/cmTryCompileExec944037076.dir/build]
  ignore line: [gmake[1]: Vstupuje se do adresáře „/home/xharcar/pb173/pb173_project/bin/CMakeFiles/CMakeTmp“]
  ignore line: [/packages/run.64/cmake-2.8.8/bin/cmake -E cmake_progress_report /home/xharcar/pb173/pb173_project/bin/CMakeFiles/CMakeTmp/CMakeFiles 1]
  ignore line: [Building C object CMakeFiles/cmTryCompileExec944037076.dir/CMakeCCompilerABI.c.o]
  ignore line: [/packages/run.64/gcc-4.8.2/bin/gcc    -o CMakeFiles/cmTryCompileExec944037076.dir/CMakeCCompilerABI.c.o   -c /packages/run.64/cmake-2.8.8/share/cmake-2.8/Modules/CMakeCCompilerABI.c]
  ignore line: [Linking C executable cmTryCompileExec944037076]
  ignore line: [/packages/run.64/cmake-2.8.8/bin/cmake -E cmake_link_script CMakeFiles/cmTryCompileExec944037076.dir/link.txt --verbose=1]
  ignore line: [/packages/run.64/gcc-4.8.2/bin/gcc       -v CMakeFiles/cmTryCompileExec944037076.dir/CMakeCCompilerABI.c.o  -o cmTryCompileExec944037076 -rdynamic  ]
  ignore line: [Using built-in specs.]
  ignore line: [COLLECT_GCC=/packages/run.64/gcc-4.8.2/bin/gcc]
  ignore line: [COLLECT_LTO_WRAPPER=/packages/run.64/gcc-4.8.2/libexec/gcc/x86_64-unknown-linux-gnu/4.8.2/lto-wrapper]
  ignore line: [Target: x86_64-unknown-linux-gnu]
  ignore line: [Configured with: ../gcc-4.8.2/configure --prefix /packages/run.64/gcc-4.8.2/ --enable-languages=c,c++ --disable-multilib]
  ignore line: [Thread model: posix]
  ignore line: [gcc version 4.8.2 (GCC) ]
  ignore line: [COMPILER_PATH=/packages/run.64/gcc-4.8.2/libexec/gcc/x86_64-unknown-linux-gnu/4.8.2/:/packages/run.64/gcc-4.8.2/libexec/gcc/x86_64-unknown-linux-gnu/4.8.2/:/packages/run.64/gcc-4.8.2/libexec/gcc/x86_64-unknown-linux-gnu/:/packages/run.64/gcc-4.8.2/lib/gcc/x86_64-unknown-linux-gnu/4.8.2/:/packages/run.64/gcc-4.8.2/lib/gcc/x86_64-unknown-linux-gnu/]
  ignore line: [LIBRARY_PATH=/packages/run.64/gcc-4.8.2/lib64/../lib64/:/packages/run.64/gcc-4.8.2/lib/gcc/x86_64-unknown-linux-gnu/4.8.2/:/packages/run.64/gcc-4.8.2/lib/gcc/x86_64-unknown-linux-gnu/4.8.2/../../../../lib64/:/lib/../lib64/:/usr/lib/../lib64/:/packages/run.64/gdb-7.9/lib/:/packages/run.64/gcc-4.8.2/lib64/:/packages/run.64/neon-0.29.6/lib/:/packages/run.64/gcc-4.8.2/lib/gcc/x86_64-unknown-linux-gnu/4.8.2/../../../:/lib/:/usr/lib/]
  ignore line: [COLLECT_GCC_OPTIONS='-v' '-o' 'cmTryCompileExec944037076' '-rdynamic' '-mtune=generic' '-march=x86-64']
  link line: [ /packages/run.64/gcc-4.8.2/libexec/gcc/x86_64-unknown-linux-gnu/4.8.2/collect2 --eh-frame-hdr -m elf_x86_64 -export-dynamic -dynamic-linker /lib64/ld-linux-x86-64.so.2 -o cmTryCompileExec944037076 /lib/../lib64/crt1.o /lib/../lib64/crti.o /packages/run.64/gcc-4.8.2/lib/gcc/x86_64-unknown-linux-gnu/4.8.2/crtbegin.o -L/packages/run.64/gcc-4.8.2/lib64/../lib64 -L/packages/run.64/gcc-4.8.2/lib/gcc/x86_64-unknown-linux-gnu/4.8.2 -L/packages/run.64/gcc-4.8.2/lib/gcc/x86_64-unknown-linux-gnu/4.8.2/../../../../lib64 -L/lib/../lib64 -L/usr/lib/../lib64 -L/packages/run.64/gdb-7.9/lib -L/packages/run.64/gcc-4.8.2/lib64 -L/packages/run.64/neon-0.29.6/lib -L/packages/run.64/gcc-4.8.2/lib/gcc/x86_64-unknown-linux-gnu/4.8.2/../../.. CMakeFiles/cmTryCompileExec944037076.dir/CMakeCCompilerABI.c.o -lgcc --as-needed -lgcc_s --no-as-needed -lc -lgcc --as-needed -lgcc_s --no-as-needed /packages/run.64/gcc-4.8.2/lib/gcc/x86_64-unknown-linux-gnu/4.8.2/crtend.o /lib/../lib64/crtn.o]
    arg [/packages/run.64/gcc-4.8.2/libexec/gcc/x86_64-unknown-linux-gnu/4.8.2/collect2] ==> ignore
    arg [--eh-frame-hdr] ==> ignore
    arg [-m] ==> ignore
    arg [elf_x86_64] ==> ignore
    arg [-export-dynamic] ==> ignore
    arg [-dynamic-linker] ==> ignore
    arg [/lib64/ld-linux-x86-64.so.2] ==> ignore
    arg [-o] ==> ignore
    arg [cmTryCompileExec944037076] ==> ignore
    arg [/lib/../lib64/crt1.o] ==> ignore
    arg [/lib/../lib64/crti.o] ==> ignore
    arg [/packages/run.64/gcc-4.8.2/lib/gcc/x86_64-unknown-linux-gnu/4.8.2/crtbegin.o] ==> ignore
    arg [-L/packages/run.64/gcc-4.8.2/lib64/../lib64] ==> dir [/packages/run.64/gcc-4.8.2/lib64/../lib64]
    arg [-L/packages/run.64/gcc-4.8.2/lib/gcc/x86_64-unknown-linux-gnu/4.8.2] ==> dir [/packages/run.64/gcc-4.8.2/lib/gcc/x86_64-unknown-linux-gnu/4.8.2]
    arg [-L/packages/run.64/gcc-4.8.2/lib/gcc/x86_64-unknown-linux-gnu/4.8.2/../../../../lib64] ==> dir [/packages/run.64/gcc-4.8.2/lib/gcc/x86_64-unknown-linux-gnu/4.8.2/../../../../lib64]
    arg [-L/lib/../lib64] ==> dir [/lib/../lib64]
    arg [-L/usr/lib/../lib64] ==> dir [/usr/lib/../lib64]
    arg [-L/packages/run.64/gdb-7.9/lib] ==> dir [/packages/run.64/gdb-7.9/lib]
    arg [-L/packages/run.64/gcc-4.8.2/lib64] ==> dir [/packages/run.64/gcc-4.8.2/lib64]
    arg [-L/packages/run.64/neon-0.29.6/lib] ==> dir [/packages/run.64/neon-0.29.6/lib]
    arg [-L/packages/run.64/gcc-4.8.2/lib/gcc/x86_64-unknown-linux-gnu/4.8.2/../../..] ==> dir [/packages/run.64/gcc-4.8.2/lib/gcc/x86_64-unknown-linux-gnu/4.8.2/../../..]
    arg [CMakeFiles/cmTryCompileExec944037076.dir/CMakeCCompilerABI.c.o] ==> ignore
    arg [-lgcc] ==> lib [gcc]
    arg [--as-needed] ==> ignore
    arg [-lgcc_s] ==> lib [gcc_s]
    arg [--no-as-needed] ==> ignore
    arg [-lc] ==> lib [c]
    arg [-lgcc] ==> lib [gcc]
    arg [--as-needed] ==> ignore
    arg [-lgcc_s] ==> lib [gcc_s]
    arg [--no-as-needed] ==> ignore
    arg [/packages/run.64/gcc-4.8.2/lib/gcc/x86_64-unknown-linux-gnu/4.8.2/crtend.o] ==> ignore
    arg [/lib/../lib64/crtn.o] ==> ignore
  remove lib [gcc]
  remove lib [gcc_s]
  remove lib [gcc]
  remove lib [gcc_s]
  collapse dir [/packages/run.64/gcc-4.8.2/lib64/../lib64] ==> [/packages/run.64/gcc-4.8.2/lib64]
  collapse dir [/packages/run.64/gcc-4.8.2/lib/gcc/x86_64-unknown-linux-gnu/4.8.2] ==> [/packages/run.64/gcc-4.8.2/lib/gcc/x86_64-unknown-linux-gnu/4.8.2]
  collapse dir [/packages/run.64/gcc-4.8.2/lib/gcc/x86_64-unknown-linux-gnu/4.8.2/../../../../lib64] ==> [/packages/run.64/gcc-4.8.2/lib64]
  collapse dir [/lib/../lib64] ==> [/lib64]
  collapse dir [/usr/lib/../lib64] ==> [/usr/lib64]
  collapse dir [/packages/run.64/gdb-7.9/lib] ==> [/packages/run.64/gdb-7.9/lib]
  collapse dir [/packages/run.64/gcc-4.8.2/lib64] ==> [/packages/run.64/gcc-4.8.2/lib64]
  collapse dir [/packages/run.64/neon-0.29.6/lib] ==> [/packages/run.64/neon-0.29.6/lib]
  collapse dir [/packages/run.64/gcc-4.8.2/lib/gcc/x86_64-unknown-linux-gnu/4.8.2/../../..] ==> [/packages/run.64/gcc-4.8.2/lib]
  implicit libs: [c]
  implicit dirs: [/packages/run.64/gcc-4.8.2/lib64;/packages/run.64/gcc-4.8.2/lib/gcc/x86_64-unknown-linux-gnu/4.8.2;/lib64;/usr/lib64;/packages/run.64/gdb-7.9/lib;/packages/run.64/neon-0.29.6/lib;/packages/run.64/gcc-4.8.2/lib]


Determining if the CXX compiler works passed with the following output:
Change Dir: /home/xharcar/pb173/pb173_project/bin/CMakeFiles/CMakeTmp

Run Build Command:/usr/bin/gmake "cmTryCompileExec1563212274/fast"
/usr/bin/gmake -f CMakeFiles/cmTryCompileExec1563212274.dir/build.make CMakeFiles/cmTryCompileExec1563212274.dir/build
gmake[1]: Vstupuje se do adresáře „/home/xharcar/pb173/pb173_project/bin/CMakeFiles/CMakeTmp“
/packages/run.64/cmake-2.8.8/bin/cmake -E cmake_progress_report /home/xharcar/pb173/pb173_project/bin/CMakeFiles/CMakeTmp/CMakeFiles 1
Building CXX object CMakeFiles/cmTryCompileExec1563212274.dir/testCXXCompiler.cxx.o
/packages/run.64/gcc-4.8.2/bin/c++     -o CMakeFiles/cmTryCompileExec1563212274.dir/testCXXCompiler.cxx.o -c /home/xharcar/pb173/pb173_project/bin/CMakeFiles/CMakeTmp/testCXXCompiler.cxx
Linking CXX executable cmTryCompileExec1563212274
/packages/run.64/cmake-2.8.8/bin/cmake -E cmake_link_script CMakeFiles/cmTryCompileExec1563212274.dir/link.txt --verbose=1
/packages/run.64/gcc-4.8.2/bin/c++          CMakeFiles/cmTryCompileExec1563212274.dir/testCXXCompiler.cxx.o  -o cmTryCompileExec1563212274 -rdynamic 
gmake[1]: Opouští se adresář „/home/xharcar/pb173/pb173_project/bin/CMakeFiles/CMakeTmp“


Detecting CXX compiler ABI info compiled with the following output:
Change Dir: /home/xharcar/pb173/pb173_project/bin/CMakeFiles/CMakeTmp

Run Build Command:/usr/bin/gmake "cmTryCompileExec3423821499/fast"
/usr/bin/gmake -f CMakeFiles/cmTryCompileExec3423821499.dir/build.make CMakeFiles/cmTryCompileExec3423821499.dir/build
gmake[1]: Vstupuje se do adresáře „/home/xharcar/pb173/pb173_project/bin/CMakeFiles/CMakeTmp“
/packages/run.64/cmake-2.8.8/bin/cmake -E cmake_progress_report /home/xharcar/pb173/pb173_project/bin/CMakeFiles/CMakeTmp/CMakeFiles 1
Building CXX object CMakeFiles/cmTryCompileExec3423821499.dir/CMakeCXXCompilerABI.cpp.o
/packages/run.64/gcc-4.8.2/bin/c++     -o CMakeFiles/cmTryCompileExec3423821499.dir/CMakeCXXCompilerABI.cpp.o -c /packages/run.64/cmake-2.8.8/share/cmake-2.8/Modules/CMakeCXXCompilerABI.cpp
Linking CXX executable cmTryCompileExec3423821499
/packages/run.64/cmake-2.8.8/bin/cmake -E cmake_link_script CMakeFiles/cmTryCompileExec3423821499.dir/link.txt --verbose=1
/packages/run.64/gcc-4.8.2/bin/c++        -v CMakeFiles/cmTryCompileExec3423821499.dir/CMakeCXXCompilerABI.cpp.o  -o cmTryCompileExec3423821499 -rdynamic  
Using built-in specs.
COLLECT_GCC=/packages/run.64/gcc-4.8.2/bin/c++
COLLECT_LTO_WRAPPER=/packages/run.64/gcc-4.8.2/libexec/gcc/x86_64-unknown-linux-gnu/4.8.2/lto-wrapper
Target: x86_64-unknown-linux-gnu
Configured with: ../gcc-4.8.2/configure --prefix /packages/run.64/gcc-4.8.2/ --enable-languages=c,c++ --disable-multilib
Thread model: posix
gcc version 4.8.2 (GCC) 
COMPILER_PATH=/packages/run.64/gcc-4.8.2/libexec/gcc/x86_64-unknown-linux-gnu/4.8.2/:/packages/run.64/gcc-4.8.2/libexec/gcc/x86_64-unknown-linux-gnu/4.8.2/:/packages/run.64/gcc-4.8.2/libexec/gcc/x86_64-unknown-linux-gnu/:/packages/run.64/gcc-4.8.2/lib/gcc/x86_64-unknown-linux-gnu/4.8.2/:/packages/run.64/gcc-4.8.2/lib/gcc/x86_64-unknown-linux-gnu/
LIBRARY_PATH=/packages/run.64/gcc-4.8.2/lib64/../lib64/:/packages/run.64/gcc-4.8.2/lib/gcc/x86_64-unknown-linux-gnu/4.8.2/:/packages/run.64/gcc-4.8.2/lib/gcc/x86_64-unknown-linux-gnu/4.8.2/../../../../lib64/:/lib/../lib64/:/usr/lib/../lib64/:/packages/run.64/gdb-7.9/lib/:/packages/run.64/gcc-4.8.2/lib64/:/packages/run.64/neon-0.29.6/lib/:/packages/run.64/gcc-4.8.2/lib/gcc/x86_64-unknown-linux-gnu/4.8.2/../../../:/lib/:/usr/lib/
COLLECT_GCC_OPTIONS='-v' '-o' 'cmTryCompileExec3423821499' '-rdynamic' '-shared-libgcc' '-mtune=generic' '-march=x86-64'
 /packages/run.64/gcc-4.8.2/libexec/gcc/x86_64-unknown-linux-gnu/4.8.2/collect2 --eh-frame-hdr -m elf_x86_64 -export-dynamic -dynamic-linker /lib64/ld-linux-x86-64.so.2 -o cmTryCompileExec3423821499 /lib/../lib64/crt1.o /lib/../lib64/crti.o /packages/run.64/gcc-4.8.2/lib/gcc/x86_64-unknown-linux-gnu/4.8.2/crtbegin.o -L/packages/run.64/gcc-4.8.2/lib64/../lib64 -L/packages/run.64/gcc-4.8.2/lib/gcc/x86_64-unknown-linux-gnu/4.8.2 -L/packages/run.64/gcc-4.8.2/lib/gcc/x86_64-unknown-linux-gnu/4.8.2/../../../../lib64 -L/lib/../lib64 -L/usr/lib/../lib64 -L/packages/run.64/gdb-7.9/lib -L/packages/run.64/gcc-4.8.2/lib64 -L/packages/run.64/neon-0.29.6/lib -L/packages/run.64/gcc-4.8.2/lib/gcc/x86_64-unknown-linux-gnu/4.8.2/../../.. CMakeFiles/cmTryCompileExec3423821499.dir/CMakeCXXCompilerABI.cpp.o -lstdc++ -lm -lgcc_s -lgcc -lc -lgcc_s -lgcc /packages/run.64/gcc-4.8.2/lib/gcc/x86_64-unknown-linux-gnu/4.8.2/crtend.o /lib/../lib64/crtn.o
gmake[1]: Opouští se adresář „/home/xharcar/pb173/pb173_project/bin/CMakeFiles/CMakeTmp“


Parsed CXX implicit link information from above output:
  link line regex: [^( *|.*[/\])(ld|ld|collect2)[^/\]*( |$)]
  ignore line: [Change Dir: /home/xharcar/pb173/pb173_project/bin/CMakeFiles/CMakeTmp]
  ignore line: []
  ignore line: [Run Build Command:/usr/bin/gmake "cmTryCompileExec3423821499/fast"]
  ignore line: [/usr/bin/gmake -f CMakeFiles/cmTryCompileExec3423821499.dir/build.make CMakeFiles/cmTryCompileExec3423821499.dir/build]
  ignore line: [gmake[1]: Vstupuje se do adresáře „/home/xharcar/pb173/pb173_project/bin/CMakeFiles/CMakeTmp“]
  ignore line: [/packages/run.64/cmake-2.8.8/bin/cmake -E cmake_progress_report /home/xharcar/pb173/pb173_project/bin/CMakeFiles/CMakeTmp/CMakeFiles 1]
  ignore line: [Building CXX object CMakeFiles/cmTryCompileExec3423821499.dir/CMakeCXXCompilerABI.cpp.o]
  ignore line: [/packages/run.64/gcc-4.8.2/bin/c++     -o CMakeFiles/cmTryCompileExec3423821499.dir/CMakeCXXCompilerABI.cpp.o -c /packages/run.64/cmake-2.8.8/share/cmake-2.8/Modules/CMakeCXXCompilerABI.cpp]
  ignore line: [Linking CXX executable cmTryCompileExec3423821499]
  ignore line: [/packages/run.64/cmake-2.8.8/bin/cmake -E cmake_link_script CMakeFiles/cmTryCompileExec3423821499.dir/link.txt --verbose=1]
  ignore line: [/packages/run.64/gcc-4.8.2/bin/c++        -v CMakeFiles/cmTryCompileExec3423821499.dir/CMakeCXXCompilerABI.cpp.o  -o cmTryCompileExec3423821499 -rdynamic  ]
  ignore line: [Using built-in specs.]
  ignore line: [COLLECT_GCC=/packages/run.64/gcc-4.8.2/bin/c++]
  ignore line: [COLLECT_LTO_WRAPPER=/packages/run.64/gcc-4.8.2/libexec/gcc/x86_64-unknown-linux-gnu/4.8.2/lto-wrapper]
  ignore line: [Target: x86_64-unknown-linux-gnu]
  ignore line: [Configured with: ../gcc-4.8.2/configure --prefix /packages/run.64/gcc-4.8.2/ --enable-languages=c,c++ --disable-multilib]
  ignore line: [Thread model: posix]
  ignore line: [gcc version 4.8.2 (GCC) ]
  ignore line: [COMPILER_PATH=/packages/run.64/gcc-4.8.2/libexec/gcc/x86_64-unknown-linux-gnu/4.8.2/:/packages/run.64/gcc-4.8.2/libexec/gcc/x86_64-unknown-linux-gnu/4.8.2/:/packages/run.64/gcc-4.8.2/libexec/gcc/x86_64-unknown-linux-gnu/:/packages/run.64/gcc-4.8.2/lib/gcc/x86_64-unknown-linux-gnu/4.8.2/:/packages/run.64/gcc-4.8.2/lib/gcc/x86_64-unknown-linux-gnu/]
  ignore line: [LIBRARY_PATH=/packages/run.64/gcc-4.8.2/lib64/../lib64/:/packages/run.64/gcc-4.8.2/lib/gcc/x86_64-unknown-linux-gnu/4.8.2/:/packages/run.64/gcc-4.8.2/lib/gcc/x86_64-unknown-linux-gnu/4.8.2/../../../../lib64/:/lib/../lib64/:/usr/lib/../lib64/:/packages/run.64/gdb-7.9/lib/:/packages/run.64/gcc-4.8.2/lib64/:/packages/run.64/neon-0.29.6/lib/:/packages/run.64/gcc-4.8.2/lib/gcc/x86_64-unknown-linux-gnu/4.8.2/../../../:/lib/:/usr/lib/]
  ignore line: [COLLECT_GCC_OPTIONS='-v' '-o' 'cmTryCompileExec3423821499' '-rdynamic' '-shared-libgcc' '-mtune=generic' '-march=x86-64']
  link line: [ /packages/run.64/gcc-4.8.2/libexec/gcc/x86_64-unknown-linux-gnu/4.8.2/collect2 --eh-frame-hdr -m elf_x86_64 -export-dynamic -dynamic-linker /lib64/ld-linux-x86-64.so.2 -o cmTryCompileExec3423821499 /lib/../lib64/crt1.o /lib/../lib64/crti.o /packages/run.64/gcc-4.8.2/lib/gcc/x86_64-unknown-linux-gnu/4.8.2/crtbegin.o -L/packages/run.64/gcc-4.8.2/lib64/../lib64 -L/packages/run.64/gcc-4.8.2/lib/gcc/x86_64-unknown-linux-gnu/4.8.2 -L/packages/run.64/gcc-4.8.2/lib/gcc/x86_64-unknown-linux-gnu/4.8.2/../../../../lib64 -L/lib/../lib64 -L/usr/lib/../lib64 -L/packages/run.64/gdb-7.9/lib -L/packages/run.64/gcc-4.8.2/lib64 -L/packages/run.64/neon-0.29.6/lib -L/packages/run.64/gcc-4.8.2/lib/gcc/x86_64-unknown-linux-gnu/4.8.2/../../.. CMakeFiles/cmTryCompileExec3423821499.dir/CMakeCXXCompilerABI.cpp.o -lstdc++ -lm -lgcc_s -lgcc -lc -lgcc_s -lgcc /packages/run.64/gcc-4.8.2/lib/gcc/x86_64-unknown-linux-gnu/4.8.2/crtend.o /lib/../lib64/crtn.o]
    arg [/packages/run.64/gcc-4.8.2/libexec/gcc/x86_64-unknown-linux-gnu/4.8.2/collect2] ==> ignore
    arg [--eh-frame-hdr] ==> ignore
    arg [-m] ==> ignore
    arg [elf_x86_64] ==> ignore
    arg [-export-dynamic] ==> ignore
    arg [-dynamic-linker] ==> ignore
    arg [/lib64/ld-linux-x86-64.so.2] ==> ignore
    arg [-o] ==> ignore
    arg [cmTryCompileExec3423821499] ==> ignore
    arg [/lib/../lib64/crt1.o] ==> ignore
    arg [/lib/../lib64/crti.o] ==> ignore
    arg [/packages/run.64/gcc-4.8.2/lib/gcc/x86_64-unknown-linux-gnu/4.8.2/crtbegin.o] ==> ignore
    arg [-L/packages/run.64/gcc-4.8.2/lib64/../lib64] ==> dir [/packages/run.64/gcc-4.8.2/lib64/../lib64]
    arg [-L/packages/run.64/gcc-4.8.2/lib/gcc/x86_64-unknown-linux-gnu/4.8.2] ==> dir [/packages/run.64/gcc-4.8.2/lib/gcc/x86_64-unknown-linux-gnu/4.8.2]
    arg [-L/packages/run.64/gcc-4.8.2/lib/gcc/x86_64-unknown-linux-gnu/4.8.2/../../../../lib64] ==> dir [/packages/run.64/gcc-4.8.2/lib/gcc/x86_64-unknown-linux-gnu/4.8.2/../../../../lib64]
    arg [-L/lib/../lib64] ==> dir [/lib/../lib64]
    arg [-L/usr/lib/../lib64] ==> dir [/usr/lib/../lib64]
    arg [-L/packages/run.64/gdb-7.9/lib] ==> dir [/packages/run.64/gdb-7.9/lib]
    arg [-L/packages/run.64/gcc-4.8.2/lib64] ==> dir [/packages/run.64/gcc-4.8.2/lib64]
    arg [-L/packages/run.64/neon-0.29.6/lib] ==> dir [/packages/run.64/neon-0.29.6/lib]
    arg [-L/packages/run.64/gcc-4.8.2/lib/gcc/x86_64-unknown-linux-gnu/4.8.2/../../..] ==> dir [/packages/run.64/gcc-4.8.2/lib/gcc/x86_64-unknown-linux-gnu/4.8.2/../../..]
    arg [CMakeFiles/cmTryCompileExec3423821499.dir/CMakeCXXCompilerABI.cpp.o] ==> ignore
    arg [-lstdc++] ==> lib [stdc++]
    arg [-lm] ==> lib [m]
    arg [-lgcc_s] ==> lib [gcc_s]
    arg [-lgcc] ==> lib [gcc]
    arg [-lc] ==> lib [c]
    arg [-lgcc_s] ==> lib [gcc_s]
    arg [-lgcc] ==> lib [gcc]
    arg [/packages/run.64/gcc-4.8.2/lib/gcc/x86_64-unknown-linux-gnu/4.8.2/crtend.o] ==> ignore
    arg [/lib/../lib64/crtn.o] ==> ignore
  remove lib [gcc_s]
  remove lib [gcc]
  remove lib [gcc_s]
  remove lib [gcc]
  collapse dir [/packages/run.64/gcc-4.8.2/lib64/../lib64] ==> [/packages/run.64/gcc-4.8.2/lib64]
  collapse dir [/packages/run.64/gcc-4.8.2/lib/gcc/x86_64-unknown-linux-gnu/4.8.2] ==> [/packages/run.64/gcc-4.8.2/lib/gcc/x86_64-unknown-linux-gnu/4.8.2]
  collapse dir [/packages/run.64/gcc-4.8.2/lib/gcc/x86_64-unknown-linux-gnu/4.8.2/../../../../lib64] ==> [/packages/run.64/gcc-4.8.2/lib64]
  collapse dir [/lib/../lib64] ==> [/lib64]
  collapse dir [/usr/lib/../lib64] ==> [/usr/lib64]
  collapse dir [/packages/run.64/gdb-7.9/lib] ==> [/packages/run.64/gdb-7.9/lib]
  collapse dir [/packages/run.64/gcc-4.8.2/lib64] ==> [/packages/run.64/gcc-4.8.2/lib64]
  collapse dir [/packages/run.64/neon-0.29.6/lib] ==> [/packages/run.64/neon-0.29.6/lib]
  collapse dir [/packages/run.64/gcc-4.8.2/lib/gcc/x86_64-unknown-linux-gnu/4.8.2/../../..] ==> [/packages/run.64/gcc-4.8.2/lib]
  implicit libs: [stdc++;m;c]
  implicit dirs: [/packages/run.64/gcc-4.8.2/lib64;/packages/run.64/gcc-4.8.2/lib/gcc/x86_64-unknown-linux-gnu/4.8.2;/lib64;/usr/lib64;/packages/run.64/gdb-7.9/lib;/packages/run.64/neon-0.29.6/lib;/packages/run.64/gcc-4.8.2/lib]


